[debug] [2022-04-15T00:44:03.634Z] ----------------------------------------------------------------------
[debug] [2022-04-15T00:44:03.636Z] Command:       C:\Program Files\nodejs\node.exe C:\Users\asija\AppData\Roaming\npm\node_modules\firebase-tools\lib\bin\firebase.js init
[debug] [2022-04-15T00:44:03.637Z] CLI Version:   10.6.0
[debug] [2022-04-15T00:44:03.637Z] Platform:      win32
[debug] [2022-04-15T00:44:03.637Z] Node Version:  v14.16.0
[debug] [2022-04-15T00:44:03.637Z] Time:          Fri Apr 15 2022 02:44:03 GMT+0200 (Central European Summer Time)
[debug] [2022-04-15T00:44:03.637Z] ----------------------------------------------------------------------
[debug] 
[debug] [2022-04-15T00:44:03.696Z] > command requires scopes: ["email","openid","https://www.googleapis.com/auth/cloudplatformprojects.readonly","https://www.googleapis.com/auth/firebase","https://www.googleapis.com/auth/cloud-platform"]
[debug] [2022-04-15T00:44:03.696Z] > authorizing via signed-in user (asija.r022@gmail.com)
[info] 
     ######## #### ########  ######## ########     ###     ######  ########
     ##        ##  ##     ## ##       ##     ##  ##   ##  ##       ##
     ######    ##  ########  ######   ########  #########  ######  ######
     ##        ##  ##    ##  ##       ##     ## ##     ##       ## ##
     ##       #### ##     ## ######## ########  ##     ##  ######  ########

You're about to initialize a Firebase project in this directory:

  C:\Users\asija\WebstormProjects\furntrade-managment-react

Before we get started, keep in mind:

  * You are initializing within an existing Firebase project directory

[info] 
=== Project Setup
[info] 
[info] First, let's associate this project directory with a Firebase project.
[info] You can create multiple project aliases by running firebase use --add, 
[info] but for now we'll just set up a default project.
[info] 
[debug] [2022-04-15T00:44:07.611Z] Using project from CLI flag: furntrade-f45f4
[debug] [2022-04-15T00:44:07.613Z] >>> [apiv2][query] GET https://firebase.googleapis.com/v1beta1/projects/furntrade-f45f4 [none]
[debug] [2022-04-15T00:44:08.043Z] <<< [apiv2][status] GET https://firebase.googleapis.com/v1beta1/projects/furntrade-f45f4 200
[debug] [2022-04-15T00:44:08.043Z] <<< [apiv2][body] GET https://firebase.googleapis.com/v1beta1/projects/furntrade-f45f4 {"projectId":"furntrade-f45f4","projectNumber":"816975199930","displayName":"furntrade","name":"projects/furntrade-f45f4","resources":{"hostingSite":"furntrade-f45f4","realtimeDatabaseInstance":"furntrade-f45f4-default-rtdb","storageBucket":"furntrade-f45f4.appspot.com","locationId":"us-central"},"state":"ACTIVE"}
[info] i  Using project furntrade-f45f4 (furntrade) 
[info] 
=== Hosting Setup
[info] 
[info] Your public directory is the folder (relative to your project directory) that
[info] will contain Hosting assets to be uploaded with firebase deploy. If you
[info] have a build process for your assets, use your build's output directory.
[info] 
[info] +  Wrote build/404.html 
[debug] [2022-04-15T00:44:42.413Z] >>> [apiv2][query] GET https://www.gstatic.com/firebasejs/releases.json [none]
[debug] [2022-04-15T00:44:42.619Z] <<< [apiv2][status] GET https://www.gstatic.com/firebasejs/releases.json 200
[debug] [2022-04-15T00:44:42.619Z] <<< [apiv2][body] GET https://www.gstatic.com/firebasejs/releases.json {"current":{"version":"9.6.11","browserURL":"https://www.gstatic.com/firebasejs/9.6.11/firebase.js","packageURL":"https://www.gstatic.com/firebasejs/9.6.11/firebase.tgz"},"live":{"version":"9.6","browserURL":"https://www.gstatic.com/firebasejs/live/9.6/firebase.js","packageURL":"https://www.gstatic.com/firebasejs/live/9.6/firebase.tgz"},"components":{"analytics":"https://www.gstatic.com/firebasejs/9.6.11/firebase-analytics.js","app":"https://www.gstatic.com/firebasejs/9.6.11/firebase-app.js","app-check":"https://www.gstatic.com/firebasejs/9.6.11/firebase-app-check.js","auth":"https://www.gstatic.com/firebasejs/9.6.11/firebase-auth.js","auth/cordova":"https://www.gstatic.com/firebasejs/9.6.11/firebase-auth/cordova.js","auth/react-native":"https://www.gstatic.com/firebasejs/9.6.11/firebase-auth/react-native.js","functions":"https://www.gstatic.com/firebasejs/9.6.11/firebase-functions.js","firestore":"https://www.gstatic.com/firebasejs/9.6.11/firebase-firestore.js","firestore/lite":"https://www.gstatic.com/firebasejs/9.6.11/firebase-firestore/lite.js","storage":"https://www.gstatic.com/firebasejs/9.6.11/firebase-storage.js","performance":"https://www.gstatic.com/firebasejs/9.6.11/firebase-performance.js","remote-config":"https://www.gstatic.com/firebasejs/9.6.11/firebase-remote-config.js","messaging":"https://www.gstatic.com/firebasejs/9.6.11/firebase-messaging.js","messaging/sw":"https://www.gstatic.com/firebasejs/9.6.11/firebase-messaging/sw.js","database":"https://www.gstatic.com/firebasejs/9.6.11/firebase-database.js","firestore.memory":"https://www.gstatic.com/firebasejs/9.6.11/firebase-firestore.memory.js"}}
[debug] [2022-04-15T00:45:52.002Z] Error: kill ENOSYS
    at process.kill (internal/process/per_thread.js:200:13)
    at process.listener (C:\Users\asija\AppData\Roaming\npm\node_modules\firebase-tools\node_modules\signal-exit\index.js:95:15)
    at process.emit (events.js:315:20)
[error] 
[error] Error: An unexpected error has occurred.
